<?xml version="1.0" encoding="UTF-8"?>
<!-- Generated by org.testng.reporters.JUnitXMLReporter -->
<testsuite ignored="0" hostname="DESKTOP-V7A1NRS" failures="0" tests="1" name="Test" time="0.139" errors="0" timestamp="2023-10-22T16:02:19 IST">
  <testcase classname="testCases.LoginTC" name="@BeforeTest setupClass" time="0.035">
    <failure type="java.lang.NullPointerException" message="Cannot invoke &amp;quot;org.openqa.selenium.WebDriver.get(String)&amp;quot; because &amp;quot;this.driver&amp;quot; is null">
      <![CDATA[java.lang.NullPointerException: Cannot invoke "org.openqa.selenium.WebDriver.get(String)" because "this.driver" is null
at pages.Dashboard.register(Dashboard.java:18)
at testCases.LoginTC.setupClass(LoginTC.java:31)
... Removed 24 stack frames]]>
    </failure>
  </testcase> <!-- @BeforeTest setupClass -->
  <testcase classname="testCases.LoginTC" name="@AfterTest teardown" time="0.0">
    <skipped/>
  </testcase> <!-- @AfterTest teardown -->
  <testcase classname="testCases.LoginTC" name="credLogin" time="0.0">
    <skipped/>
  </testcase> <!-- credLogin -->
</testsuite> <!-- Test -->
