<?xml version="1.0" encoding="UTF-8"?>
<testng-results ignored="0" total="1" passed="1" failed="0" skipped="0">
  <reporter-output>
  </reporter-output>
  <suite started-at="2023-11-02T21:29:15 IST" name="Default suite" finished-at="2023-11-02T21:29:21 IST" duration-ms="5488">
    <groups>
    </groups>
    <test started-at="2023-11-02T21:29:15 IST" name="Default test" finished-at="2023-11-02T21:29:21 IST" duration-ms="5488">
      <class name="testCases.BooksCatalogueTC">
        <test-method is-config="true" signature="setupClass()[pri:0, instance:testCases.BooksCatalogueTC@909217e]" started-at="2023-11-02T21:27:39 IST" name="setupClass" finished-at="2023-11-02T21:29:15 IST" duration-ms="95914" status="PASS">
          <reporter-output>
          </reporter-output>
        </test-method> <!-- setupClass -->
        <test-method signature="feedDetails()[pri:0, instance:testCases.BooksCatalogueTC@909217e]" started-at="2023-11-02T21:29:15 IST" name="feedDetails" finished-at="2023-11-02T21:29:20 IST" duration-ms="4800" status="PASS">
          <reporter-output>
          </reporter-output>
        </test-method> <!-- feedDetails -->
        <test-method is-config="true" signature="teardown()[pri:0, instance:testCases.BooksCatalogueTC@909217e]" started-at="2023-11-02T21:29:20 IST" name="teardown" finished-at="2023-11-02T21:29:21 IST" duration-ms="578" status="PASS">
          <reporter-output>
          </reporter-output>
        </test-method> <!-- teardown -->
        <test-method is-config="true" signature="teardown()[pri:0, instance:testCases.BooksCatalogueTC@909217e]" started-at="2023-11-02T21:29:21 IST" name="teardown" finished-at="2023-11-02T21:29:21 IST" duration-ms="1" status="PASS">
          <reporter-output>
          </reporter-output>
        </test-method> <!-- teardown -->
      </class> <!-- testCases.BooksCatalogueTC -->
    </test> <!-- Default test -->
  </suite> <!-- Default suite -->
</testng-results>
